
 \u2502 \u26a0 WARNING – MkDocs 2.0 is incompatible with Material for MkDocs
 \u2502 
 \u2502   MkDocs 1.x is unmaintained. We recommend switching to Zensical, our
 \u2502   new static site generator, as soon as possible. We're providing an
 \u2502   analysis of the situation in this article:
 \u2502   
 \u2502   https://squidfunk.github.io/mkdocs-material/blog/2026/02/18/mkdocs-2.0/

INFO    -  Building documentation...
INFO    -  Cleaning site directory
Traceback (most recent call last):
  File "C:\Users\peter.kozak\AppData\Roaming\Python\Python314\site-packages\mkdocs\commands\serve.py", line 85WARNING -  [08:50:46] "GET / HTTP/1.1" code 302
WARNING -  [08:51:04] "GET / HTTP/1.1" code 302
WARNING -  [08:51:04] "GET / HTTP/1.1" code 302
WARNING -  [08:51:22] "GET / HTTP/1.1" code 302
WARNING -  [08:51:22] "GET / HTTP/1.1" code 302
WARNING -  [08:52:05] "GET /?v=1772805125 HTTP/1.1" code 302
WARNING -  [08:52:15] "GET /front-matter/?v=20260306c HTTP/1.1" code 404
WARNING -  [08:52:47] "GET /?v=20260306d HTTP/1.1" code 302
WARNING -  [08:55:24] "GET / HTTP/1.1" code 302
WARNING -  [08:56:02] "GET / HTTP/1.1" code 302
WARNING -  [09:19:55] "GET /front-matter/index.html HTTP/1.1" code 404
WARNING -  [09:26:57] "GET /front-matter/index.html HTTP/1.1" code 404
WARNING -  [09:27:15] "GET / HTTP/1.1" code 302
WARNING -  [09:27:17] "GET / HTTP/1.1" code 302
WARNING -  [09:27:28] "GET /home-desktop-shot.png HTTP/1.1" code 404
WARNING -  [09:28:58] "GET / HTTP/1.1" code 302
e exception, another exception occurred:

Traceback (most recent call last):
  File "<frozen runpy>", line 198, in _run_module_as_main
  File "<frozen runpy>", line 88, in _run_code
  File "C:\Users\peter.kozak\AppData\Roaming\Python\Python314\site-packages\mkdocs\__main__.py", line 370, in <module>
    cli()
    ~~~^^
  File "C:\Users\peter.kozak\AppData\Roaming\Python\Python314\site-packages\click\core.py", line 1485, in __call__
    return self.main(*args, **kwargs)
           ~~~~~~~~~^^^^^^^^^^^^^^^^^
  File "C:\Users\peter.kozak\AppData\Roaming\Python\Python314\site-packages\click\core.py", line 1406, in main
    rv = self.invoke(ctx)
  File "C:\Users\peter.kozak\AppData\Roaming\Python\Python314\site-packages\click\core.py", line 1873, in invoke
    return _process_result(sub_ctx.command.invoke(sub_ctx))
                           ~~~~~~~~~~~~~~~~~~~~~~^^^^^^^^^
  File "C:\Users\peter.kozak\AppData\Roaming\Python\Python314\site-packages\click\core.py", line 1269, in invoke
    return ctx.invoke(self.callback, **ctx.params)
           ~~~~~~~~~~^^^^^^^^^^^^^^^^^^^^^^^^^^^^^
  File "C:\Users\peter.kozak\AppData\Roaming\Python\Python314\site-packages\click\core.py", line 824, in invoke
    return callback(*args, **kwargs)
  File "C:\Users\peter.kozak\AppData\Roaming\Python\Python314\site-packages\mkdocs\__main__.py", line 272, in serve_command
    serve.serve(**kwargs)
    ~~~~~~~~~~~^^^^^^^^^^
  File "C:\Users\peter.kozak\AppData\Roaming\Python\Python314\site-packages\mkdocs\commands\serve.py", line 112, in serve
    shutil.rmtree(site_dir)
    ~~~~~~~~~~~~~^^^^^^^^^^
  File "C:\Python314\Lib\shutil.py", line 852, in rmtree
    _rmtree_impl(path, dir_fd, onexc)
    ~~~~~~~~~~~~^^^^^^^^^^^^^^^^^^^^^
  File "C:\Python314\Lib\shutil.py", line 689, in _rmtree_unsafe
    for dirpath, dirnames, filenames in results:
                                        ^^^^^^^
  File "<frozen os>", line 413, in walk
  File "C:\Python314\Lib\shutil.py", line 687, in onerror
    onexc(os.scandir, err.filename, err)
    ~~~~~^^^^^^^^^^^^^^^^^^^^^^^^^^^^^^^
  File "<frozen os>", line 377, in walk
PermissionError: [WinError 5] Access is denied: 'C:\\Users\\PETER~1.KOZ\\AppData\\Local\\Temp\\mkdocs_1e9txykt'
